This file contains any messages produced by compilers while
running configure, to aid debugging if configure makes a mistake.

It was created by configure, which was
generated by GNU Autoconf 2.63.  Invocation command line was

  $ ./configure --disable-option-checking --prefix=/home/ariana/workspace/enisi/hpylori_compartments/deps/src/project_repast/ext//MPICH --disable-f77 --disable-fc --cache-file=/dev/null --srcdir=.

## --------- ##
## Platform. ##
## --------- ##

hostname = herbst-Lenovo-B40-80
uname -m = x86_64
uname -r = 4.4.0-36-generic
uname -s = Linux
uname -v = #55-Ubuntu SMP Thu Aug 11 18:01:55 UTC 2016

/usr/bin/uname -p = unknown
/bin/uname -X     = unknown

/bin/arch              = unknown
/usr/bin/arch -k       = unknown
/usr/convex/getsysinfo = unknown
/usr/bin/hostinfo      = unknown
/bin/machine           = unknown
/usr/bin/oslevel       = unknown
/bin/universe          = unknown

PATH: /usr/local/sbin
PATH: /usr/local/bin
PATH: /usr/sbin
PATH: /usr/bin
PATH: /sbin
PATH: /bin
PATH: /usr/games
PATH: /usr/local/games
PATH: /snap/bin


## ----------- ##
## Core tests. ##
## ----------- ##

configure:2301: checking for make
configure:2317: found /usr/bin/make
configure:2328: result: make
configure:2342: checking whether clock skew breaks make
configure:2367: result: no
configure:2377: checking whether make supports include
configure:2405: result: no
configure:2414: checking whether make allows comments in actions
configure:2441: result: no
configure:2446: WARNING: Your make does not allow comments in target code.
Using this make may cause problems when building programs.
You should consider using gnumake instead.
configure:2455: checking for virtual path format
configure:2498: result: VPATH
configure:2508: checking whether make sets CFLAGS
configure:2534: result: yes
configure:2823: checking for C compiler version
configure:2831: /home/ariana/workspace/enisi/hpylori_compartments/deps/src/project_repast/INSTALLATION/mpich2-1.4.1p1/bin/mpicc --version >&5
gcc (Ubuntu 5.4.0-6ubuntu1~16.04.2) 5.4.0 20160609
Copyright (C) 2015 Free Software Foundation, Inc.
This is free software; see the source for copying conditions.  There is NO
warranty; not even for MERCHANTABILITY or FITNESS FOR A PARTICULAR PURPOSE.

configure:2835: $? = 0
configure:2842: /home/ariana/workspace/enisi/hpylori_compartments/deps/src/project_repast/INSTALLATION/mpich2-1.4.1p1/bin/mpicc -v >&5
mpicc for MPICH2 version 1.4.1p1
Using built-in specs.
COLLECT_GCC=gcc
COLLECT_LTO_WRAPPER=/usr/lib/gcc/x86_64-linux-gnu/5/lto-wrapper
Target: x86_64-linux-gnu
Configured with: ../src/configure -v --with-pkgversion='Ubuntu 5.4.0-6ubuntu1~16.04.2' --with-bugurl=file:///usr/share/doc/gcc-5/README.Bugs --enable-languages=c,ada,c++,java,go,d,fortran,objc,obj-c++ --prefix=/usr --program-suffix=-5 --enable-shared --enable-linker-build-id --libexecdir=/usr/lib --without-included-gettext --enable-threads=posix --libdir=/usr/lib --enable-nls --with-sysroot=/ --enable-clocale=gnu --enable-libstdcxx-debug --enable-libstdcxx-time=yes --with-default-libstdcxx-abi=new --enable-gnu-unique-object --disable-vtable-verify --enable-libmpx --enable-plugin --with-system-zlib --disable-browser-plugin --enable-java-awt=gtk --enable-gtk-cairo --with-java-home=/usr/lib/jvm/java-1.5.0-gcj-5-amd64/jre --enable-java-home --with-jvm-root-dir=/usr/lib/jvm/java-1.5.0-gcj-5-amd64 --with-jvm-jar-dir=/usr/lib/jvm-exports/java-1.5.0-gcj-5-amd64 --with-arch-directory=amd64 --with-ecj-jar=/usr/share/java/eclipse-ecj.jar --enable-objc-gc --enable-multiarch --disable-werror --with-arch-32=i686 --with-abi=m64 --with-multilib-list=m32,m64,mx32 --enable-multilib --with-tune=generic --enable-checking=release --build=x86_64-linux-gnu --host=x86_64-linux-gnu --target=x86_64-linux-gnu
Thread model: posix
gcc version 5.4.0 20160609 (Ubuntu 5.4.0-6ubuntu1~16.04.2) 
configure:2846: $? = 0
configure:2853: /home/ariana/workspace/enisi/hpylori_compartments/deps/src/project_repast/INSTALLATION/mpich2-1.4.1p1/bin/mpicc -V >&5
gcc: error: unrecognized command line option '-V'
configure:2857: $? = 1
configure:2880: checking for C compiler default output file name
configure:2902: /home/ariana/workspace/enisi/hpylori_compartments/deps/src/project_repast/INSTALLATION/mpich2-1.4.1p1/bin/mpicc   -nativelinking   conftest.c  >&5
configure:2906: $? = 0
configure:2944: result: a.out
configure:2963: checking whether the C compiler works
configure:2973: ./a.out
configure:2977: $? = 0
configure:2996: result: yes
configure:3003: checking whether we are cross compiling
configure:3005: result: no
configure:3008: checking for suffix of executables
configure:3015: /home/ariana/workspace/enisi/hpylori_compartments/deps/src/project_repast/INSTALLATION/mpich2-1.4.1p1/bin/mpicc -o conftest   -nativelinking   conftest.c  >&5
configure:3019: $? = 0
configure:3045: result: 
configure:3051: checking for suffix of object files
configure:3077: /home/ariana/workspace/enisi/hpylori_compartments/deps/src/project_repast/INSTALLATION/mpich2-1.4.1p1/bin/mpicc -c   conftest.c >&5
configure:3081: $? = 0
configure:3106: result: o
configure:3110: checking whether we are using the GNU C compiler
configure:3139: /home/ariana/workspace/enisi/hpylori_compartments/deps/src/project_repast/INSTALLATION/mpich2-1.4.1p1/bin/mpicc -c   conftest.c >&5
configure:3146: $? = 0
configure:3163: result: yes
configure:3172: checking whether /home/ariana/workspace/enisi/hpylori_compartments/deps/src/project_repast/INSTALLATION/mpich2-1.4.1p1/bin/mpicc accepts -g
configure:3202: /home/ariana/workspace/enisi/hpylori_compartments/deps/src/project_repast/INSTALLATION/mpich2-1.4.1p1/bin/mpicc -c -g  conftest.c >&5
configure:3209: $? = 0
configure:3310: result: yes
configure:3327: checking for /home/ariana/workspace/enisi/hpylori_compartments/deps/src/project_repast/INSTALLATION/mpich2-1.4.1p1/bin/mpicc option to accept ISO C89
configure:3401: /home/ariana/workspace/enisi/hpylori_compartments/deps/src/project_repast/INSTALLATION/mpich2-1.4.1p1/bin/mpicc  -c   conftest.c >&5
configure:3408: $? = 0
configure:3431: result: none needed
configure:3463: checking whether long double is supported
configure:3492: /home/ariana/workspace/enisi/hpylori_compartments/deps/src/project_repast/INSTALLATION/mpich2-1.4.1p1/bin/mpicc -c   conftest.c >&5
configure:3499: $? = 0
configure:3515: result: yes
configure:3524: checking whether long long is supported
configure:3553: /home/ariana/workspace/enisi/hpylori_compartments/deps/src/project_repast/INSTALLATION/mpich2-1.4.1p1/bin/mpicc -c   conftest.c >&5
configure:3560: $? = 0
configure:3576: result: yes
configure:3587: checking for an ANSI C-conforming const
configure:3662: /home/ariana/workspace/enisi/hpylori_compartments/deps/src/project_repast/INSTALLATION/mpich2-1.4.1p1/bin/mpicc -c   conftest.c >&5
configure:3669: $? = 0
configure:3684: result: yes
configure:3694: checking for C/C++ restrict keyword
configure:3729: /home/ariana/workspace/enisi/hpylori_compartments/deps/src/project_repast/INSTALLATION/mpich2-1.4.1p1/bin/mpicc -c   conftest.c >&5
configure:3736: $? = 0
configure:3754: result: __restrict
configure:3778: checking for grep that handles long lines and -e
configure:3838: result: /bin/grep
configure:3843: checking for fgrep
configure:3907: result: /bin/grep -F
configure:4894: checking how to run the C preprocessor
configure:4934: /home/ariana/workspace/enisi/hpylori_compartments/deps/src/project_repast/INSTALLATION/mpich2-1.4.1p1/bin/mpicc -E  conftest.c
configure:4941: $? = 0
configure:4972: /home/ariana/workspace/enisi/hpylori_compartments/deps/src/project_repast/INSTALLATION/mpich2-1.4.1p1/bin/mpicc -E  conftest.c
conftest.c:12:28: fatal error: ac_nonexistent.h: No such file or directory
compilation terminated.
configure:4979: $? = 1
configure: failed program was:
| /* confdefs.h.  */
| #define PACKAGE_NAME ""
| #define PACKAGE_TARNAME ""
| #define PACKAGE_VERSION ""
| #define PACKAGE_STRING ""
| #define PACKAGE_BUGREPORT ""
| #define HAVE_MPI_WIN_CREATE 1
| #define HAVE_LONG_DOUBLE 1
| #define HAVE_LONG_LONG 1
| #define restrict __restrict
| /* end confdefs.h.  */
| #include <ac_nonexistent.h>
configure:5012: result: /home/ariana/workspace/enisi/hpylori_compartments/deps/src/project_repast/INSTALLATION/mpich2-1.4.1p1/bin/mpicc -E
configure:5041: /home/ariana/workspace/enisi/hpylori_compartments/deps/src/project_repast/INSTALLATION/mpich2-1.4.1p1/bin/mpicc -E  conftest.c
configure:5048: $? = 0
configure:5079: /home/ariana/workspace/enisi/hpylori_compartments/deps/src/project_repast/INSTALLATION/mpich2-1.4.1p1/bin/mpicc -E  conftest.c
conftest.c:12:28: fatal error: ac_nonexistent.h: No such file or directory
compilation terminated.
configure:5086: $? = 1
configure: failed program was:
| /* confdefs.h.  */
| #define PACKAGE_NAME ""
| #define PACKAGE_TARNAME ""
| #define PACKAGE_VERSION ""
| #define PACKAGE_STRING ""
| #define PACKAGE_BUGREPORT ""
| #define HAVE_MPI_WIN_CREATE 1
| #define HAVE_LONG_DOUBLE 1
| #define HAVE_LONG_LONG 1
| #define restrict __restrict
| /* end confdefs.h.  */
| #include <ac_nonexistent.h>
configure:5126: checking for egrep
configure:5190: result: /bin/grep -E
configure:5195: checking for ANSI C header files
configure:5225: /home/ariana/workspace/enisi/hpylori_compartments/deps/src/project_repast/INSTALLATION/mpich2-1.4.1p1/bin/mpicc -c    conftest.c >&5
configure:5232: $? = 0
configure:5331: /home/ariana/workspace/enisi/hpylori_compartments/deps/src/project_repast/INSTALLATION/mpich2-1.4.1p1/bin/mpicc -o conftest    -nativelinking   conftest.c  >&5
configure:5335: $? = 0
configure:5341: ./conftest
configure:5345: $? = 0
configure:5363: result: yes
configure:5387: checking for sys/types.h
configure:5408: /home/ariana/workspace/enisi/hpylori_compartments/deps/src/project_repast/INSTALLATION/mpich2-1.4.1p1/bin/mpicc -c    conftest.c >&5
configure:5415: $? = 0
configure:5432: result: yes
configure:5387: checking for sys/stat.h
configure:5408: /home/ariana/workspace/enisi/hpylori_compartments/deps/src/project_repast/INSTALLATION/mpich2-1.4.1p1/bin/mpicc -c    conftest.c >&5
configure:5415: $? = 0
configure:5432: result: yes
configure:5387: checking for stdlib.h
configure:5408: /home/ariana/workspace/enisi/hpylori_compartments/deps/src/project_repast/INSTALLATION/mpich2-1.4.1p1/bin/mpicc -c    conftest.c >&5
configure:5415: $? = 0
configure:5432: result: yes
configure:5387: checking for string.h
configure:5408: /home/ariana/workspace/enisi/hpylori_compartments/deps/src/project_repast/INSTALLATION/mpich2-1.4.1p1/bin/mpicc -c    conftest.c >&5
configure:5415: $? = 0
configure:5432: result: yes
configure:5387: checking for memory.h
configure:5408: /home/ariana/workspace/enisi/hpylori_compartments/deps/src/project_repast/INSTALLATION/mpich2-1.4.1p1/bin/mpicc -c    conftest.c >&5
configure:5415: $? = 0
configure:5432: result: yes
configure:5387: checking for strings.h
configure:5408: /home/ariana/workspace/enisi/hpylori_compartments/deps/src/project_repast/INSTALLATION/mpich2-1.4.1p1/bin/mpicc -c    conftest.c >&5
configure:5415: $? = 0
configure:5432: result: yes
configure:5387: checking for inttypes.h
configure:5408: /home/ariana/workspace/enisi/hpylori_compartments/deps/src/project_repast/INSTALLATION/mpich2-1.4.1p1/bin/mpicc -c    conftest.c >&5
configure:5415: $? = 0
configure:5432: result: yes
configure:5387: checking for stdint.h
configure:5408: /home/ariana/workspace/enisi/hpylori_compartments/deps/src/project_repast/INSTALLATION/mpich2-1.4.1p1/bin/mpicc -c    conftest.c >&5
configure:5415: $? = 0
configure:5432: result: yes
configure:5387: checking for unistd.h
configure:5408: /home/ariana/workspace/enisi/hpylori_compartments/deps/src/project_repast/INSTALLATION/mpich2-1.4.1p1/bin/mpicc -c    conftest.c >&5
configure:5415: $? = 0
configure:5432: result: yes
configure:5463: checking stdarg.h usability
configure:5480: /home/ariana/workspace/enisi/hpylori_compartments/deps/src/project_repast/INSTALLATION/mpich2-1.4.1p1/bin/mpicc -c    conftest.c >&5
configure:5487: $? = 0
configure:5501: result: yes
configure:5505: checking stdarg.h presence
configure:5520: /home/ariana/workspace/enisi/hpylori_compartments/deps/src/project_repast/INSTALLATION/mpich2-1.4.1p1/bin/mpicc -E  conftest.c
configure:5527: $? = 0
configure:5541: result: yes
configure:5569: checking for stdarg.h
configure:5578: result: yes
configure:5463: checking sys/time.h usability
configure:5480: /home/ariana/workspace/enisi/hpylori_compartments/deps/src/project_repast/INSTALLATION/mpich2-1.4.1p1/bin/mpicc -c    conftest.c >&5
configure:5487: $? = 0
configure:5501: result: yes
configure:5505: checking sys/time.h presence
configure:5520: /home/ariana/workspace/enisi/hpylori_compartments/deps/src/project_repast/INSTALLATION/mpich2-1.4.1p1/bin/mpicc -E  conftest.c
configure:5527: $? = 0
configure:5541: result: yes
configure:5569: checking for sys/time.h
configure:5578: result: yes
configure:5596: checking for int8_t
configure:5627: /home/ariana/workspace/enisi/hpylori_compartments/deps/src/project_repast/INSTALLATION/mpich2-1.4.1p1/bin/mpicc -c    conftest.c >&5
configure:5634: $? = 0
configure:5663: /home/ariana/workspace/enisi/hpylori_compartments/deps/src/project_repast/INSTALLATION/mpich2-1.4.1p1/bin/mpicc -c    conftest.c >&5
conftest.c: In function 'main':
conftest.c:60:12: error: size of array 'test_array' is negative
 static int test_array [1 - 2 * !((int8_t) ((((int8_t) 1 << (8 - 2)) - 1) * 2 + 1)
            ^
configure:5670: $? = 1
configure: failed program was:
| /* confdefs.h.  */
| #define PACKAGE_NAME ""
| #define PACKAGE_TARNAME ""
| #define PACKAGE_VERSION ""
| #define PACKAGE_STRING ""
| #define PACKAGE_BUGREPORT ""
| #define HAVE_MPI_WIN_CREATE 1
| #define HAVE_LONG_DOUBLE 1
| #define HAVE_LONG_LONG 1
| #define restrict __restrict
| #define STDC_HEADERS 1
| #define HAVE_SYS_TYPES_H 1
| #define HAVE_SYS_STAT_H 1
| #define HAVE_STDLIB_H 1
| #define HAVE_STRING_H 1
| #define HAVE_MEMORY_H 1
| #define HAVE_STRINGS_H 1
| #define HAVE_INTTYPES_H 1
| #define HAVE_STDINT_H 1
| #define HAVE_UNISTD_H 1
| #define HAVE_STDARG_H 1
| #define HAVE_SYS_TIME_H 1
| /* end confdefs.h.  */
| #include <stdio.h>
| #ifdef HAVE_SYS_TYPES_H
| # include <sys/types.h>
| #endif
| #ifdef HAVE_SYS_STAT_H
| # include <sys/stat.h>
| #endif
| #ifdef STDC_HEADERS
| # include <stdlib.h>
| # include <stddef.h>
| #else
| # ifdef HAVE_STDLIB_H
| #  include <stdlib.h>
| # endif
| #endif
| #ifdef HAVE_STRING_H
| # if !defined STDC_HEADERS && defined HAVE_MEMORY_H
| #  include <memory.h>
| # endif
| # include <string.h>
| #endif
| #ifdef HAVE_STRINGS_H
| # include <strings.h>
| #endif
| #ifdef HAVE_INTTYPES_H
| # include <inttypes.h>
| #endif
| #ifdef HAVE_STDINT_H
| # include <stdint.h>
| #endif
| #ifdef HAVE_UNISTD_H
| # include <unistd.h>
| #endif
| int
| main ()
| {
| static int test_array [1 - 2 * !((int8_t) ((((int8_t) 1 << (8 - 2)) - 1) * 2 + 1)
| 		 < (int8_t) ((((int8_t) 1 << (8 - 2)) - 1) * 2 + 2))];
| test_array [0] = 0
| 
|   ;
|   return 0;
| }
configure:5699: result: yes
configure:5712: checking for int16_t
configure:5743: /home/ariana/workspace/enisi/hpylori_compartments/deps/src/project_repast/INSTALLATION/mpich2-1.4.1p1/bin/mpicc -c    conftest.c >&5
configure:5750: $? = 0
configure:5779: /home/ariana/workspace/enisi/hpylori_compartments/deps/src/project_repast/INSTALLATION/mpich2-1.4.1p1/bin/mpicc -c    conftest.c >&5
conftest.c: In function 'main':
conftest.c:60:12: error: size of array 'test_array' is negative
 static int test_array [1 - 2 * !((int16_t) ((((int16_t) 1 << (16 - 2)) - 1) * 2 + 1)
            ^
configure:5786: $? = 1
configure: failed program was:
| /* confdefs.h.  */
| #define PACKAGE_NAME ""
| #define PACKAGE_TARNAME ""
| #define PACKAGE_VERSION ""
| #define PACKAGE_STRING ""
| #define PACKAGE_BUGREPORT ""
| #define HAVE_MPI_WIN_CREATE 1
| #define HAVE_LONG_DOUBLE 1
| #define HAVE_LONG_LONG 1
| #define restrict __restrict
| #define STDC_HEADERS 1
| #define HAVE_SYS_TYPES_H 1
| #define HAVE_SYS_STAT_H 1
| #define HAVE_STDLIB_H 1
| #define HAVE_STRING_H 1
| #define HAVE_MEMORY_H 1
| #define HAVE_STRINGS_H 1
| #define HAVE_INTTYPES_H 1
| #define HAVE_STDINT_H 1
| #define HAVE_UNISTD_H 1
| #define HAVE_STDARG_H 1
| #define HAVE_SYS_TIME_H 1
| /* end confdefs.h.  */
| #include <stdio.h>
| #ifdef HAVE_SYS_TYPES_H
| # include <sys/types.h>
| #endif
| #ifdef HAVE_SYS_STAT_H
| # include <sys/stat.h>
| #endif
| #ifdef STDC_HEADERS
| # include <stdlib.h>
| # include <stddef.h>
| #else
| # ifdef HAVE_STDLIB_H
| #  include <stdlib.h>
| # endif
| #endif
| #ifdef HAVE_STRING_H
| # if !defined STDC_HEADERS && defined HAVE_MEMORY_H
| #  include <memory.h>
| # endif
| # include <string.h>
| #endif
| #ifdef HAVE_STRINGS_H
| # include <strings.h>
| #endif
| #ifdef HAVE_INTTYPES_H
| # include <inttypes.h>
| #endif
| #ifdef HAVE_STDINT_H
| # include <stdint.h>
| #endif
| #ifdef HAVE_UNISTD_H
| # include <unistd.h>
| #endif
| int
| main ()
| {
| static int test_array [1 - 2 * !((int16_t) ((((int16_t) 1 << (16 - 2)) - 1) * 2 + 1)
| 		 < (int16_t) ((((int16_t) 1 << (16 - 2)) - 1) * 2 + 2))];
| test_array [0] = 0
| 
|   ;
|   return 0;
| }
configure:5815: result: yes
configure:5828: checking for int32_t
configure:5859: /home/ariana/workspace/enisi/hpylori_compartments/deps/src/project_repast/INSTALLATION/mpich2-1.4.1p1/bin/mpicc -c    conftest.c >&5
configure:5866: $? = 0
configure:5895: /home/ariana/workspace/enisi/hpylori_compartments/deps/src/project_repast/INSTALLATION/mpich2-1.4.1p1/bin/mpicc -c    conftest.c >&5
conftest.c: In function 'main':
conftest.c:61:53: warning: integer overflow in expression [-Woverflow]
    < (int32_t) ((((int32_t) 1 << (32 - 2)) - 1) * 2 + 2))];
                                                     ^
conftest.c:60:12: error: storage size of 'test_array' isn't constant
 static int test_array [1 - 2 * !((int32_t) ((((int32_t) 1 << (32 - 2)) - 1) * 2 + 1)
            ^
configure:5902: $? = 1
configure: failed program was:
| /* confdefs.h.  */
| #define PACKAGE_NAME ""
| #define PACKAGE_TARNAME ""
| #define PACKAGE_VERSION ""
| #define PACKAGE_STRING ""
| #define PACKAGE_BUGREPORT ""
| #define HAVE_MPI_WIN_CREATE 1
| #define HAVE_LONG_DOUBLE 1
| #define HAVE_LONG_LONG 1
| #define restrict __restrict
| #define STDC_HEADERS 1
| #define HAVE_SYS_TYPES_H 1
| #define HAVE_SYS_STAT_H 1
| #define HAVE_STDLIB_H 1
| #define HAVE_STRING_H 1
| #define HAVE_MEMORY_H 1
| #define HAVE_STRINGS_H 1
| #define HAVE_INTTYPES_H 1
| #define HAVE_STDINT_H 1
| #define HAVE_UNISTD_H 1
| #define HAVE_STDARG_H 1
| #define HAVE_SYS_TIME_H 1
| /* end confdefs.h.  */
| #include <stdio.h>
| #ifdef HAVE_SYS_TYPES_H
| # include <sys/types.h>
| #endif
| #ifdef HAVE_SYS_STAT_H
| # include <sys/stat.h>
| #endif
| #ifdef STDC_HEADERS
| # include <stdlib.h>
| # include <stddef.h>
| #else
| # ifdef HAVE_STDLIB_H
| #  include <stdlib.h>
| # endif
| #endif
| #ifdef HAVE_STRING_H
| # if !defined STDC_HEADERS && defined HAVE_MEMORY_H
| #  include <memory.h>
| # endif
| # include <string.h>
| #endif
| #ifdef HAVE_STRINGS_H
| # include <strings.h>
| #endif
| #ifdef HAVE_INTTYPES_H
| # include <inttypes.h>
| #endif
| #ifdef HAVE_STDINT_H
| # include <stdint.h>
| #endif
| #ifdef HAVE_UNISTD_H
| # include <unistd.h>
| #endif
| int
| main ()
| {
| static int test_array [1 - 2 * !((int32_t) ((((int32_t) 1 << (32 - 2)) - 1) * 2 + 1)
| 		 < (int32_t) ((((int32_t) 1 << (32 - 2)) - 1) * 2 + 2))];
| test_array [0] = 0
| 
|   ;
|   return 0;
| }
configure:5931: result: yes
configure:5944: checking for int64_t
configure:5975: /home/ariana/workspace/enisi/hpylori_compartments/deps/src/project_repast/INSTALLATION/mpich2-1.4.1p1/bin/mpicc -c    conftest.c >&5
configure:5982: $? = 0
configure:6011: /home/ariana/workspace/enisi/hpylori_compartments/deps/src/project_repast/INSTALLATION/mpich2-1.4.1p1/bin/mpicc -c    conftest.c >&5
conftest.c: In function 'main':
conftest.c:61:53: warning: integer overflow in expression [-Woverflow]
    < (int64_t) ((((int64_t) 1 << (64 - 2)) - 1) * 2 + 2))];
                                                     ^
conftest.c:60:12: error: storage size of 'test_array' isn't constant
 static int test_array [1 - 2 * !((int64_t) ((((int64_t) 1 << (64 - 2)) - 1) * 2 + 1)
            ^
configure:6018: $? = 1
configure: failed program was:
| /* confdefs.h.  */
| #define PACKAGE_NAME ""
| #define PACKAGE_TARNAME ""
| #define PACKAGE_VERSION ""
| #define PACKAGE_STRING ""
| #define PACKAGE_BUGREPORT ""
| #define HAVE_MPI_WIN_CREATE 1
| #define HAVE_LONG_DOUBLE 1
| #define HAVE_LONG_LONG 1
| #define restrict __restrict
| #define STDC_HEADERS 1
| #define HAVE_SYS_TYPES_H 1
| #define HAVE_SYS_STAT_H 1
| #define HAVE_STDLIB_H 1
| #define HAVE_STRING_H 1
| #define HAVE_MEMORY_H 1
| #define HAVE_STRINGS_H 1
| #define HAVE_INTTYPES_H 1
| #define HAVE_STDINT_H 1
| #define HAVE_UNISTD_H 1
| #define HAVE_STDARG_H 1
| #define HAVE_SYS_TIME_H 1
| /* end confdefs.h.  */
| #include <stdio.h>
| #ifdef HAVE_SYS_TYPES_H
| # include <sys/types.h>
| #endif
| #ifdef HAVE_SYS_STAT_H
| # include <sys/stat.h>
| #endif
| #ifdef STDC_HEADERS
| # include <stdlib.h>
| # include <stddef.h>
| #else
| # ifdef HAVE_STDLIB_H
| #  include <stdlib.h>
| # endif
| #endif
| #ifdef HAVE_STRING_H
| # if !defined STDC_HEADERS && defined HAVE_MEMORY_H
| #  include <memory.h>
| # endif
| # include <string.h>
| #endif
| #ifdef HAVE_STRINGS_H
| # include <strings.h>
| #endif
| #ifdef HAVE_INTTYPES_H
| # include <inttypes.h>
| #endif
| #ifdef HAVE_STDINT_H
| # include <stdint.h>
| #endif
| #ifdef HAVE_UNISTD_H
| # include <unistd.h>
| #endif
| int
| main ()
| {
| static int test_array [1 - 2 * !((int64_t) ((((int64_t) 1 << (64 - 2)) - 1) * 2 + 1)
| 		 < (int64_t) ((((int64_t) 1 << (64 - 2)) - 1) * 2 + 2))];
| test_array [0] = 0
| 
|   ;
|   return 0;
| }
configure:6047: result: yes
configure:6060: checking for uint8_t
configure:6091: /home/ariana/workspace/enisi/hpylori_compartments/deps/src/project_repast/INSTALLATION/mpich2-1.4.1p1/bin/mpicc -c    conftest.c >&5
configure:6098: $? = 0
configure:6119: result: yes
configure:6137: checking for uint16_t
configure:6168: /home/ariana/workspace/enisi/hpylori_compartments/deps/src/project_repast/INSTALLATION/mpich2-1.4.1p1/bin/mpicc -c    conftest.c >&5
configure:6175: $? = 0
configure:6196: result: yes
configure:6210: checking for uint32_t
configure:6241: /home/ariana/workspace/enisi/hpylori_compartments/deps/src/project_repast/INSTALLATION/mpich2-1.4.1p1/bin/mpicc -c    conftest.c >&5
configure:6248: $? = 0
configure:6269: result: yes
configure:6287: checking for uint64_t
configure:6318: /home/ariana/workspace/enisi/hpylori_compartments/deps/src/project_repast/INSTALLATION/mpich2-1.4.1p1/bin/mpicc -c    conftest.c >&5
configure:6325: $? = 0
configure:6346: result: yes
configure:6365: checking for _Bool
configure:6393: /home/ariana/workspace/enisi/hpylori_compartments/deps/src/project_repast/INSTALLATION/mpich2-1.4.1p1/bin/mpicc -c    conftest.c >&5
configure:6400: $? = 0
configure:6427: /home/ariana/workspace/enisi/hpylori_compartments/deps/src/project_repast/INSTALLATION/mpich2-1.4.1p1/bin/mpicc -c    conftest.c >&5
conftest.c: In function 'main':
conftest.c:60:20: error: expected expression before ')' token
 if (sizeof ((_Bool)))
                    ^
configure:6434: $? = 1
configure: failed program was:
| /* confdefs.h.  */
| #define PACKAGE_NAME ""
| #define PACKAGE_TARNAME ""
| #define PACKAGE_VERSION ""
| #define PACKAGE_STRING ""
| #define PACKAGE_BUGREPORT ""
| #define HAVE_MPI_WIN_CREATE 1
| #define HAVE_LONG_DOUBLE 1
| #define HAVE_LONG_LONG 1
| #define restrict __restrict
| #define STDC_HEADERS 1
| #define HAVE_SYS_TYPES_H 1
| #define HAVE_SYS_STAT_H 1
| #define HAVE_STDLIB_H 1
| #define HAVE_STRING_H 1
| #define HAVE_MEMORY_H 1
| #define HAVE_STRINGS_H 1
| #define HAVE_INTTYPES_H 1
| #define HAVE_STDINT_H 1
| #define HAVE_UNISTD_H 1
| #define HAVE_STDARG_H 1
| #define HAVE_SYS_TIME_H 1
| /* end confdefs.h.  */
| #include <stdio.h>
| #ifdef HAVE_SYS_TYPES_H
| # include <sys/types.h>
| #endif
| #ifdef HAVE_SYS_STAT_H
| # include <sys/stat.h>
| #endif
| #ifdef STDC_HEADERS
| # include <stdlib.h>
| # include <stddef.h>
| #else
| # ifdef HAVE_STDLIB_H
| #  include <stdlib.h>
| # endif
| #endif
| #ifdef HAVE_STRING_H
| # if !defined STDC_HEADERS && defined HAVE_MEMORY_H
| #  include <memory.h>
| # endif
| # include <string.h>
| #endif
| #ifdef HAVE_STRINGS_H
| # include <strings.h>
| #endif
| #ifdef HAVE_INTTYPES_H
| # include <inttypes.h>
| #endif
| #ifdef HAVE_STDINT_H
| # include <stdint.h>
| #endif
| #ifdef HAVE_UNISTD_H
| # include <unistd.h>
| #endif
| int
| main ()
| {
| if (sizeof ((_Bool)))
| 	  return 0;
|   ;
|   return 0;
| }
configure:6457: result: yes
configure:6467: checking for float _Complex
configure:6495: /home/ariana/workspace/enisi/hpylori_compartments/deps/src/project_repast/INSTALLATION/mpich2-1.4.1p1/bin/mpicc -c    conftest.c >&5
configure:6502: $? = 0
configure:6529: /home/ariana/workspace/enisi/hpylori_compartments/deps/src/project_repast/INSTALLATION/mpich2-1.4.1p1/bin/mpicc -c    conftest.c >&5
conftest.c: In function 'main':
conftest.c:61:29: error: expected expression before ')' token
 if (sizeof ((float _Complex)))
                             ^
configure:6536: $? = 1
configure: failed program was:
| /* confdefs.h.  */
| #define PACKAGE_NAME ""
| #define PACKAGE_TARNAME ""
| #define PACKAGE_VERSION ""
| #define PACKAGE_STRING ""
| #define PACKAGE_BUGREPORT ""
| #define HAVE_MPI_WIN_CREATE 1
| #define HAVE_LONG_DOUBLE 1
| #define HAVE_LONG_LONG 1
| #define restrict __restrict
| #define STDC_HEADERS 1
| #define HAVE_SYS_TYPES_H 1
| #define HAVE_SYS_STAT_H 1
| #define HAVE_STDLIB_H 1
| #define HAVE_STRING_H 1
| #define HAVE_MEMORY_H 1
| #define HAVE_STRINGS_H 1
| #define HAVE_INTTYPES_H 1
| #define HAVE_STDINT_H 1
| #define HAVE_UNISTD_H 1
| #define HAVE_STDARG_H 1
| #define HAVE_SYS_TIME_H 1
| #define HAVE__BOOL 1
| /* end confdefs.h.  */
| #include <stdio.h>
| #ifdef HAVE_SYS_TYPES_H
| # include <sys/types.h>
| #endif
| #ifdef HAVE_SYS_STAT_H
| # include <sys/stat.h>
| #endif
| #ifdef STDC_HEADERS
| # include <stdlib.h>
| # include <stddef.h>
| #else
| # ifdef HAVE_STDLIB_H
| #  include <stdlib.h>
| # endif
| #endif
| #ifdef HAVE_STRING_H
| # if !defined STDC_HEADERS && defined HAVE_MEMORY_H
| #  include <memory.h>
| # endif
| # include <string.h>
| #endif
| #ifdef HAVE_STRINGS_H
| # include <strings.h>
| #endif
| #ifdef HAVE_INTTYPES_H
| # include <inttypes.h>
| #endif
| #ifdef HAVE_STDINT_H
| # include <stdint.h>
| #endif
| #ifdef HAVE_UNISTD_H
| # include <unistd.h>
| #endif
| int
| main ()
| {
| if (sizeof ((float _Complex)))
| 	  return 0;
|   ;
|   return 0;
| }
configure:6559: result: yes
configure:6569: checking for double _Complex
configure:6597: /home/ariana/workspace/enisi/hpylori_compartments/deps/src/project_repast/INSTALLATION/mpich2-1.4.1p1/bin/mpicc -c    conftest.c >&5
configure:6604: $? = 0
configure:6631: /home/ariana/workspace/enisi/hpylori_compartments/deps/src/project_repast/INSTALLATION/mpich2-1.4.1p1/bin/mpicc -c    conftest.c >&5
conftest.c: In function 'main':
conftest.c:62:30: error: expected expression before ')' token
 if (sizeof ((double _Complex)))
                              ^
configure:6638: $? = 1
configure: failed program was:
| /* confdefs.h.  */
| #define PACKAGE_NAME ""
| #define PACKAGE_TARNAME ""
| #define PACKAGE_VERSION ""
| #define PACKAGE_STRING ""
| #define PACKAGE_BUGREPORT ""
| #define HAVE_MPI_WIN_CREATE 1
| #define HAVE_LONG_DOUBLE 1
| #define HAVE_LONG_LONG 1
| #define restrict __restrict
| #define STDC_HEADERS 1
| #define HAVE_SYS_TYPES_H 1
| #define HAVE_SYS_STAT_H 1
| #define HAVE_STDLIB_H 1
| #define HAVE_STRING_H 1
| #define HAVE_MEMORY_H 1
| #define HAVE_STRINGS_H 1
| #define HAVE_INTTYPES_H 1
| #define HAVE_STDINT_H 1
| #define HAVE_UNISTD_H 1
| #define HAVE_STDARG_H 1
| #define HAVE_SYS_TIME_H 1
| #define HAVE__BOOL 1
| #define HAVE_FLOAT__COMPLEX 1
| /* end confdefs.h.  */
| #include <stdio.h>
| #ifdef HAVE_SYS_TYPES_H
| # include <sys/types.h>
| #endif
| #ifdef HAVE_SYS_STAT_H
| # include <sys/stat.h>
| #endif
| #ifdef STDC_HEADERS
| # include <stdlib.h>
| # include <stddef.h>
| #else
| # ifdef HAVE_STDLIB_H
| #  include <stdlib.h>
| # endif
| #endif
| #ifdef HAVE_STRING_H
| # if !defined STDC_HEADERS && defined HAVE_MEMORY_H
| #  include <memory.h>
| # endif
| # include <string.h>
| #endif
| #ifdef HAVE_STRINGS_H
| # include <strings.h>
| #endif
| #ifdef HAVE_INTTYPES_H
| # include <inttypes.h>
| #endif
| #ifdef HAVE_STDINT_H
| # include <stdint.h>
| #endif
| #ifdef HAVE_UNISTD_H
| # include <unistd.h>
| #endif
| int
| main ()
| {
| if (sizeof ((double _Complex)))
| 	  return 0;
|   ;
|   return 0;
| }
configure:6661: result: yes
configure:6671: checking for long double _Complex
configure:6699: /home/ariana/workspace/enisi/hpylori_compartments/deps/src/project_repast/INSTALLATION/mpich2-1.4.1p1/bin/mpicc -c    conftest.c >&5
configure:6706: $? = 0
configure:6733: /home/ariana/workspace/enisi/hpylori_compartments/deps/src/project_repast/INSTALLATION/mpich2-1.4.1p1/bin/mpicc -c    conftest.c >&5
conftest.c: In function 'main':
conftest.c:63:35: error: expected expression before ')' token
 if (sizeof ((long double _Complex)))
                                   ^
configure:6740: $? = 1
configure: failed program was:
| /* confdefs.h.  */
| #define PACKAGE_NAME ""
| #define PACKAGE_TARNAME ""
| #define PACKAGE_VERSION ""
| #define PACKAGE_STRING ""
| #define PACKAGE_BUGREPORT ""
| #define HAVE_MPI_WIN_CREATE 1
| #define HAVE_LONG_DOUBLE 1
| #define HAVE_LONG_LONG 1
| #define restrict __restrict
| #define STDC_HEADERS 1
| #define HAVE_SYS_TYPES_H 1
| #define HAVE_SYS_STAT_H 1
| #define HAVE_STDLIB_H 1
| #define HAVE_STRING_H 1
| #define HAVE_MEMORY_H 1
| #define HAVE_STRINGS_H 1
| #define HAVE_INTTYPES_H 1
| #define HAVE_STDINT_H 1
| #define HAVE_UNISTD_H 1
| #define HAVE_STDARG_H 1
| #define HAVE_SYS_TIME_H 1
| #define HAVE__BOOL 1
| #define HAVE_FLOAT__COMPLEX 1
| #define HAVE_DOUBLE__COMPLEX 1
| /* end confdefs.h.  */
| #include <stdio.h>
| #ifdef HAVE_SYS_TYPES_H
| # include <sys/types.h>
| #endif
| #ifdef HAVE_SYS_STAT_H
| # include <sys/stat.h>
| #endif
| #ifdef STDC_HEADERS
| # include <stdlib.h>
| # include <stddef.h>
| #else
| # ifdef HAVE_STDLIB_H
| #  include <stdlib.h>
| # endif
| #endif
| #ifdef HAVE_STRING_H
| # if !defined STDC_HEADERS && defined HAVE_MEMORY_H
| #  include <memory.h>
| # endif
| # include <string.h>
| #endif
| #ifdef HAVE_STRINGS_H
| # include <strings.h>
| #endif
| #ifdef HAVE_INTTYPES_H
| # include <inttypes.h>
| #endif
| #ifdef HAVE_STDINT_H
| # include <stdint.h>
| #endif
| #ifdef HAVE_UNISTD_H
| # include <unistd.h>
| #endif
| int
| main ()
| {
| if (sizeof ((long double _Complex)))
| 	  return 0;
|   ;
|   return 0;
| }
configure:6763: result: yes
configure:6794: checking pthread.h usability
configure:6811: /home/ariana/workspace/enisi/hpylori_compartments/deps/src/project_repast/INSTALLATION/mpich2-1.4.1p1/bin/mpicc -c    conftest.c >&5
configure:6818: $? = 0
configure:6832: result: yes
configure:6836: checking pthread.h presence
configure:6851: /home/ariana/workspace/enisi/hpylori_compartments/deps/src/project_repast/INSTALLATION/mpich2-1.4.1p1/bin/mpicc -E  conftest.c
configure:6858: $? = 0
configure:6872: result: yes
configure:6900: checking for pthread.h
configure:6909: result: yes
configure:6928: checking for library containing pthread_create
configure:6969: /home/ariana/workspace/enisi/hpylori_compartments/deps/src/project_repast/INSTALLATION/mpich2-1.4.1p1/bin/mpicc -o conftest    -nativelinking   conftest.c  >&5
/tmp/ccM3SihK.o: In function `main':
conftest.c:(.text+0xa): undefined reference to `pthread_create'
collect2: error: ld returned 1 exit status
configure:6976: $? = 1
configure: failed program was:
| /* confdefs.h.  */
| #define PACKAGE_NAME ""
| #define PACKAGE_TARNAME ""
| #define PACKAGE_VERSION ""
| #define PACKAGE_STRING ""
| #define PACKAGE_BUGREPORT ""
| #define HAVE_MPI_WIN_CREATE 1
| #define HAVE_LONG_DOUBLE 1
| #define HAVE_LONG_LONG 1
| #define restrict __restrict
| #define STDC_HEADERS 1
| #define HAVE_SYS_TYPES_H 1
| #define HAVE_SYS_STAT_H 1
| #define HAVE_STDLIB_H 1
| #define HAVE_STRING_H 1
| #define HAVE_MEMORY_H 1
| #define HAVE_STRINGS_H 1
| #define HAVE_INTTYPES_H 1
| #define HAVE_STDINT_H 1
| #define HAVE_UNISTD_H 1
| #define HAVE_STDARG_H 1
| #define HAVE_SYS_TIME_H 1
| #define HAVE__BOOL 1
| #define HAVE_FLOAT__COMPLEX 1
| #define HAVE_DOUBLE__COMPLEX 1
| #define HAVE_LONG_DOUBLE__COMPLEX 1
| #define HAVE_PTHREAD_H 1
| /* end confdefs.h.  */
| 
| /* Override any GCC internal prototype to avoid an error.
|    Use char because int might match the return type of a GCC
|    builtin and then its argument prototype would still apply.  */
| #ifdef __cplusplus
| extern "C"
| #endif
| char pthread_create ();
| int
| main ()
| {
| return pthread_create ();
|   ;
|   return 0;
| }
configure:6969: /home/ariana/workspace/enisi/hpylori_compartments/deps/src/project_repast/INSTALLATION/mpich2-1.4.1p1/bin/mpicc -o conftest    -nativelinking   conftest.c -lpthread   >&5
configure:6976: $? = 0
configure:7007: result: -lpthread
configure:7015: checking for library containing pthread_barrier_init
configure:7056: /home/ariana/workspace/enisi/hpylori_compartments/deps/src/project_repast/INSTALLATION/mpich2-1.4.1p1/bin/mpicc -o conftest    -nativelinking   conftest.c -lpthread  >&5
configure:7063: $? = 0
configure:7094: result: none required
configure:7110: checking for pthread_create
configure:7166: /home/ariana/workspace/enisi/hpylori_compartments/deps/src/project_repast/INSTALLATION/mpich2-1.4.1p1/bin/mpicc -o conftest    -nativelinking   conftest.c -lpthread  >&5
configure:7173: $? = 0
configure:7195: result: yes
configure:7110: checking for pthread_yield
configure:7166: /home/ariana/workspace/enisi/hpylori_compartments/deps/src/project_repast/INSTALLATION/mpich2-1.4.1p1/bin/mpicc -o conftest    -nativelinking   conftest.c -lpthread  >&5
configure:7173: $? = 0
configure:7195: result: yes
configure:7110: checking for pthread_barrier_init
configure:7166: /home/ariana/workspace/enisi/hpylori_compartments/deps/src/project_repast/INSTALLATION/mpich2-1.4.1p1/bin/mpicc -o conftest    -nativelinking   conftest.c -lpthread  >&5
configure:7173: $? = 0
configure:7195: result: yes
configure:7110: checking for pthread_barrier_wait
configure:7166: /home/ariana/workspace/enisi/hpylori_compartments/deps/src/project_repast/INSTALLATION/mpich2-1.4.1p1/bin/mpicc -o conftest    -nativelinking   conftest.c -lpthread  >&5
configure:7173: $? = 0
configure:7195: result: yes
configure:7314: checking whether struct hostent contains h_addr_list
configure:7346: /home/ariana/workspace/enisi/hpylori_compartments/deps/src/project_repast/INSTALLATION/mpich2-1.4.1p1/bin/mpicc -c    conftest.c >&5
configure:7353: $? = 0
configure:7369: result: yes
configure:7382: checking for major version of MPI
configure:7413: /home/ariana/workspace/enisi/hpylori_compartments/deps/src/project_repast/INSTALLATION/mpich2-1.4.1p1/bin/mpicc -c    conftest.c >&5
configure:7420: $? = 0
configure:7413: /home/ariana/workspace/enisi/hpylori_compartments/deps/src/project_repast/INSTALLATION/mpich2-1.4.1p1/bin/mpicc -c    conftest.c >&5
conftest.c: In function 'main':
conftest.c:40:5: error: empty character constant
     ''' force failure '''
     ^
conftest.c:40:7: warning: character constant too long for its type
     ''' force failure '''
       ^
conftest.c:40:7: error: expected ';' before '\x75726520'
conftest.c:40:24: error: empty character constant
     ''' force failure '''
                        ^
configure:7420: $? = 1
configure: failed program was:
| /* confdefs.h.  */
| #define PACKAGE_NAME ""
| #define PACKAGE_TARNAME ""
| #define PACKAGE_VERSION ""
| #define PACKAGE_STRING ""
| #define PACKAGE_BUGREPORT ""
| #define HAVE_MPI_WIN_CREATE 1
| #define HAVE_LONG_DOUBLE 1
| #define HAVE_LONG_LONG 1
| #define restrict __restrict
| #define STDC_HEADERS 1
| #define HAVE_SYS_TYPES_H 1
| #define HAVE_SYS_STAT_H 1
| #define HAVE_STDLIB_H 1
| #define HAVE_STRING_H 1
| #define HAVE_MEMORY_H 1
| #define HAVE_STRINGS_H 1
| #define HAVE_INTTYPES_H 1
| #define HAVE_STDINT_H 1
| #define HAVE_UNISTD_H 1
| #define HAVE_STDARG_H 1
| #define HAVE_SYS_TIME_H 1
| #define HAVE__BOOL 1
| #define HAVE_FLOAT__COMPLEX 1
| #define HAVE_DOUBLE__COMPLEX 1
| #define HAVE_LONG_DOUBLE__COMPLEX 1
| #define HAVE_PTHREAD_H 1
| #define HAVE_PTHREAD_CREATE 1
| #define HAVE_PTHREAD_YIELD 1
| #define HAVE_PTHREAD_BARRIER_INIT 1
| #define HAVE_PTHREAD_BARRIER_WAIT 1
| #define HAVE_H_ADDR_LIST 1
| /* end confdefs.h.  */
| #include "mpi.h"
| int
| main ()
| {
| 
| #if MPI_VERSION == 2
|     ''' force failure '''
| #endif
|   ;
|   return 0;
| }
configure:7437: result: 2
configure:7440: checking for minor version of MPI
configure:7471: /home/ariana/workspace/enisi/hpylori_compartments/deps/src/project_repast/INSTALLATION/mpich2-1.4.1p1/bin/mpicc -c    conftest.c >&5
configure:7478: $? = 0
configure:7471: /home/ariana/workspace/enisi/hpylori_compartments/deps/src/project_repast/INSTALLATION/mpich2-1.4.1p1/bin/mpicc -c    conftest.c >&5
configure:7478: $? = 0
configure:7471: /home/ariana/workspace/enisi/hpylori_compartments/deps/src/project_repast/INSTALLATION/mpich2-1.4.1p1/bin/mpicc -c    conftest.c >&5
conftest.c: In function 'main':
conftest.c:40:5: error: empty character constant
     ''' force failure '''
     ^
conftest.c:40:7: warning: character constant too long for its type
     ''' force failure '''
       ^
conftest.c:40:7: error: expected ';' before '\x75726520'
conftest.c:40:24: error: empty character constant
     ''' force failure '''
                        ^
configure:7478: $? = 1
configure: failed program was:
| /* confdefs.h.  */
| #define PACKAGE_NAME ""
| #define PACKAGE_TARNAME ""
| #define PACKAGE_VERSION ""
| #define PACKAGE_STRING ""
| #define PACKAGE_BUGREPORT ""
| #define HAVE_MPI_WIN_CREATE 1
| #define HAVE_LONG_DOUBLE 1
| #define HAVE_LONG_LONG 1
| #define restrict __restrict
| #define STDC_HEADERS 1
| #define HAVE_SYS_TYPES_H 1
| #define HAVE_SYS_STAT_H 1
| #define HAVE_STDLIB_H 1
| #define HAVE_STRING_H 1
| #define HAVE_MEMORY_H 1
| #define HAVE_STRINGS_H 1
| #define HAVE_INTTYPES_H 1
| #define HAVE_STDINT_H 1
| #define HAVE_UNISTD_H 1
| #define HAVE_STDARG_H 1
| #define HAVE_SYS_TIME_H 1
| #define HAVE__BOOL 1
| #define HAVE_FLOAT__COMPLEX 1
| #define HAVE_DOUBLE__COMPLEX 1
| #define HAVE_LONG_DOUBLE__COMPLEX 1
| #define HAVE_PTHREAD_H 1
| #define HAVE_PTHREAD_CREATE 1
| #define HAVE_PTHREAD_YIELD 1
| #define HAVE_PTHREAD_BARRIER_INIT 1
| #define HAVE_PTHREAD_BARRIER_WAIT 1
| #define HAVE_H_ADDR_LIST 1
| /* end confdefs.h.  */
| #include "mpi.h"
| int
| main ()
| {
| 
| #if MPI_SUBVERSION == 2
|     ''' force failure '''
| #endif
|   ;
|   return 0;
| }
configure:7495: result: 2
configure:9732: WARNING: Selecting integer*8 as the Fortran type for MPI_Offset
configure:9739: WARNING: Selecting integer as the Fortran type for MPI_Aint
configure:10872: checking for C++ compiler version
configure:10880: /home/ariana/workspace/enisi/hpylori_compartments/deps/src/project_repast/INSTALLATION/mpich2-1.4.1p1/bin/mpicxx --version >&5
c++ (Ubuntu 5.4.0-6ubuntu1~16.04.2) 5.4.0 20160609
Copyright (C) 2015 Free Software Foundation, Inc.
This is free software; see the source for copying conditions.  There is NO
warranty; not even for MERCHANTABILITY or FITNESS FOR A PARTICULAR PURPOSE.

configure:10884: $? = 0
configure:10891: /home/ariana/workspace/enisi/hpylori_compartments/deps/src/project_repast/INSTALLATION/mpich2-1.4.1p1/bin/mpicxx -v >&5
mpicxx for MPICH2 version 1.4.1p1
Using built-in specs.
COLLECT_GCC=c++
COLLECT_LTO_WRAPPER=/usr/lib/gcc/x86_64-linux-gnu/5/lto-wrapper
Target: x86_64-linux-gnu
Configured with: ../src/configure -v --with-pkgversion='Ubuntu 5.4.0-6ubuntu1~16.04.2' --with-bugurl=file:///usr/share/doc/gcc-5/README.Bugs --enable-languages=c,ada,c++,java,go,d,fortran,objc,obj-c++ --prefix=/usr --program-suffix=-5 --enable-shared --enable-linker-build-id --libexecdir=/usr/lib --without-included-gettext --enable-threads=posix --libdir=/usr/lib --enable-nls --with-sysroot=/ --enable-clocale=gnu --enable-libstdcxx-debug --enable-libstdcxx-time=yes --with-default-libstdcxx-abi=new --enable-gnu-unique-object --disable-vtable-verify --enable-libmpx --enable-plugin --with-system-zlib --disable-browser-plugin --enable-java-awt=gtk --enable-gtk-cairo --with-java-home=/usr/lib/jvm/java-1.5.0-gcj-5-amd64/jre --enable-java-home --with-jvm-root-dir=/usr/lib/jvm/java-1.5.0-gcj-5-amd64 --with-jvm-jar-dir=/usr/lib/jvm-exports/java-1.5.0-gcj-5-amd64 --with-arch-directory=amd64 --with-ecj-jar=/usr/share/java/eclipse-ecj.jar --enable-objc-gc --enable-multiarch --disable-werror --with-arch-32=i686 --with-abi=m64 --with-multilib-list=m32,m64,mx32 --enable-multilib --with-tune=generic --enable-checking=release --build=x86_64-linux-gnu --host=x86_64-linux-gnu --target=x86_64-linux-gnu
Thread model: posix
gcc version 5.4.0 20160609 (Ubuntu 5.4.0-6ubuntu1~16.04.2) 
configure:10895: $? = 0
configure:10902: /home/ariana/workspace/enisi/hpylori_compartments/deps/src/project_repast/INSTALLATION/mpich2-1.4.1p1/bin/mpicxx -V >&5
c++: error: unrecognized command line option '-V'
configure:10906: $? = 1
configure:10909: checking whether we are using the GNU C++ compiler
configure:10938: /home/ariana/workspace/enisi/hpylori_compartments/deps/src/project_repast/INSTALLATION/mpich2-1.4.1p1/bin/mpicxx -c   conftest.cpp >&5
configure:10945: $? = 0
configure:10962: result: yes
configure:10971: checking whether /home/ariana/workspace/enisi/hpylori_compartments/deps/src/project_repast/INSTALLATION/mpich2-1.4.1p1/bin/mpicxx accepts -g
configure:11001: /home/ariana/workspace/enisi/hpylori_compartments/deps/src/project_repast/INSTALLATION/mpich2-1.4.1p1/bin/mpicxx -c -g  conftest.cpp >&5
configure:11008: $? = 0
configure:11109: result: yes
configure:11228: checking whether <iostream> available
configure:11263: /home/ariana/workspace/enisi/hpylori_compartments/deps/src/project_repast/INSTALLATION/mpich2-1.4.1p1/bin/mpicxx -c   conftest.cpp >&5
configure:11270: $? = 0
configure:11286: result: yes
configure:11693: checking whether the compiler implements namespaces
configure:11726: /home/ariana/workspace/enisi/hpylori_compartments/deps/src/project_repast/INSTALLATION/mpich2-1.4.1p1/bin/mpicxx -c   conftest.cpp >&5
configure:11733: $? = 0
configure:11755: result: yes
configure:11766: checking whether the compiler implements the namespace std
configure:11803: /home/ariana/workspace/enisi/hpylori_compartments/deps/src/project_repast/INSTALLATION/mpich2-1.4.1p1/bin/mpicxx -c   conftest.cpp >&5
configure:11810: $? = 0
configure:11833: result: yes
configure:12010: checking whether MPI_2DOUBLE_COMPLEX is available
configure:12041: /home/ariana/workspace/enisi/hpylori_compartments/deps/src/project_repast/INSTALLATION/mpich2-1.4.1p1/bin/mpicc -c    conftest.c >&5
conftest.c: In function 'main':
conftest.c:46:30: error: 'MPI_2DOUBLE_COMPLEX' undeclared (first use in this function)
             MPI_Datatype t = MPI_2DOUBLE_COMPLEX;
                              ^
conftest.c:46:30: note: each undeclared identifier is reported only once for each function it appears in
configure:12048: $? = 1
configure: failed program was:
| 
|         /* confdefs.h.  */
| #define PACKAGE_NAME ""
| #define PACKAGE_TARNAME ""
| #define PACKAGE_VERSION ""
| #define PACKAGE_STRING ""
| #define PACKAGE_BUGREPORT ""
| #define HAVE_MPI_WIN_CREATE 1
| #define HAVE_LONG_DOUBLE 1
| #define HAVE_LONG_LONG 1
| #define restrict __restrict
| #define STDC_HEADERS 1
| #define HAVE_SYS_TYPES_H 1
| #define HAVE_SYS_STAT_H 1
| #define HAVE_STDLIB_H 1
| #define HAVE_STRING_H 1
| #define HAVE_MEMORY_H 1
| #define HAVE_STRINGS_H 1
| #define HAVE_INTTYPES_H 1
| #define HAVE_STDINT_H 1
| #define HAVE_UNISTD_H 1
| #define HAVE_STDARG_H 1
| #define HAVE_SYS_TIME_H 1
| #define HAVE__BOOL 1
| #define HAVE_FLOAT__COMPLEX 1
| #define HAVE_DOUBLE__COMPLEX 1
| #define HAVE_LONG_DOUBLE__COMPLEX 1
| #define HAVE_PTHREAD_H 1
| #define HAVE_PTHREAD_CREATE 1
| #define HAVE_PTHREAD_YIELD 1
| #define HAVE_PTHREAD_BARRIER_INIT 1
| #define HAVE_PTHREAD_BARRIER_WAIT 1
| #define HAVE_H_ADDR_LIST 1
| #define HAVE_IOSTREAM 1
| #define HAVE_NAMESPACES /**/
| #define HAVE_NAMESPACE_STD /**/
| #define HAVE_MPI_IO 1
| #define MPIO_USES_MPI_REQUEST /**/
| #define HAVE_MPI_INTEGER16 1
| /* end confdefs.h.  */
| #include "mpi.h"
| int
| main ()
| {
| 
|             MPI_Datatype t = MPI_2DOUBLE_COMPLEX;
| 
|   ;
|   return 0;
| }
| 
configure:12068: result: no
configure:12079: checking whether MPI_2COMPLEX is available
configure:12110: /home/ariana/workspace/enisi/hpylori_compartments/deps/src/project_repast/INSTALLATION/mpich2-1.4.1p1/bin/mpicc -c    conftest.c >&5
conftest.c: In function 'main':
conftest.c:46:30: error: 'MPI_2COMPLEX' undeclared (first use in this function)
             MPI_Datatype t = MPI_2COMPLEX;
                              ^
conftest.c:46:30: note: each undeclared identifier is reported only once for each function it appears in
configure:12117: $? = 1
configure: failed program was:
| 
|         /* confdefs.h.  */
| #define PACKAGE_NAME ""
| #define PACKAGE_TARNAME ""
| #define PACKAGE_VERSION ""
| #define PACKAGE_STRING ""
| #define PACKAGE_BUGREPORT ""
| #define HAVE_MPI_WIN_CREATE 1
| #define HAVE_LONG_DOUBLE 1
| #define HAVE_LONG_LONG 1
| #define restrict __restrict
| #define STDC_HEADERS 1
| #define HAVE_SYS_TYPES_H 1
| #define HAVE_SYS_STAT_H 1
| #define HAVE_STDLIB_H 1
| #define HAVE_STRING_H 1
| #define HAVE_MEMORY_H 1
| #define HAVE_STRINGS_H 1
| #define HAVE_INTTYPES_H 1
| #define HAVE_STDINT_H 1
| #define HAVE_UNISTD_H 1
| #define HAVE_STDARG_H 1
| #define HAVE_SYS_TIME_H 1
| #define HAVE__BOOL 1
| #define HAVE_FLOAT__COMPLEX 1
| #define HAVE_DOUBLE__COMPLEX 1
| #define HAVE_LONG_DOUBLE__COMPLEX 1
| #define HAVE_PTHREAD_H 1
| #define HAVE_PTHREAD_CREATE 1
| #define HAVE_PTHREAD_YIELD 1
| #define HAVE_PTHREAD_BARRIER_INIT 1
| #define HAVE_PTHREAD_BARRIER_WAIT 1
| #define HAVE_H_ADDR_LIST 1
| #define HAVE_IOSTREAM 1
| #define HAVE_NAMESPACES /**/
| #define HAVE_NAMESPACE_STD /**/
| #define HAVE_MPI_IO 1
| #define MPIO_USES_MPI_REQUEST /**/
| #define HAVE_MPI_INTEGER16 1
| /* end confdefs.h.  */
| #include "mpi.h"
| int
| main ()
| {
| 
|             MPI_Datatype t = MPI_2COMPLEX;
| 
|   ;
|   return 0;
| }
| 
configure:12137: result: no
configure:12159: checking size of void *
configure:12464: /home/ariana/workspace/enisi/hpylori_compartments/deps/src/project_repast/INSTALLATION/mpich2-1.4.1p1/bin/mpicc -o conftest    -nativelinking   conftest.c -lpthread  >&5
configure:12468: $? = 0
configure:12474: ./conftest
configure:12478: $? = 0
configure:12504: result: 8
configure:12518: checking size of int
configure:12823: /home/ariana/workspace/enisi/hpylori_compartments/deps/src/project_repast/INSTALLATION/mpich2-1.4.1p1/bin/mpicc -o conftest    -nativelinking   conftest.c -lpthread  >&5
configure:12827: $? = 0
configure:12833: ./conftest
configure:12837: $? = 0
configure:12863: result: 4
configure:12877: checking size of long
configure:13182: /home/ariana/workspace/enisi/hpylori_compartments/deps/src/project_repast/INSTALLATION/mpich2-1.4.1p1/bin/mpicc -o conftest    -nativelinking   conftest.c -lpthread  >&5
configure:13186: $? = 0
configure:13192: ./conftest
configure:13196: $? = 0
configure:13222: result: 8
configure:13236: checking size of long long
configure:13541: /home/ariana/workspace/enisi/hpylori_compartments/deps/src/project_repast/INSTALLATION/mpich2-1.4.1p1/bin/mpicc -o conftest    -nativelinking   conftest.c -lpthread  >&5
configure:13545: $? = 0
configure:13551: ./conftest
configure:13555: $? = 0
configure:13581: result: 8
configure:13595: checking size of short
configure:13900: /home/ariana/workspace/enisi/hpylori_compartments/deps/src/project_repast/INSTALLATION/mpich2-1.4.1p1/bin/mpicc -o conftest    -nativelinking   conftest.c -lpthread  >&5
configure:13904: $? = 0
configure:13910: ./conftest
configure:13914: $? = 0
configure:13940: result: 2
configure:13951: checking for C integer type of address size
configure:13960: result: long
configure:13972: checking for perl
configure:13990: found /usr/bin/perl
configure:14002: result: /usr/bin/perl
configure:14157: creating ./config.status

## ---------------------- ##
## Running config.status. ##
## ---------------------- ##

This file was extended by config.status, which was
generated by GNU Autoconf 2.63.  Invocation command line was

  CONFIG_FILES    = 
  CONFIG_HEADERS  = 
  CONFIG_LINKS    = 
  CONFIG_COMMANDS = 
  $ ./config.status 

on herbst-Lenovo-B40-80

config.status:914: creating maint/testmerge
config.status:914: creating runtests
config.status:914: creating Makefile
config.status:914: creating basic/Makefile
config.status:914: creating attr/Makefile
config.status:914: creating util/Makefile
config.status:914: creating coll/Makefile
config.status:914: creating comm/Makefile
config.status:914: creating datatype/Makefile
config.status:914: creating errhan/Makefile
config.status:914: creating group/Makefile
config.status:914: creating info/Makefile
config.status:914: creating init/Makefile
config.status:914: creating pt2pt/Makefile
config.status:914: creating rma/Makefile
config.status:914: creating spawn/Makefile
config.status:914: creating topo/Makefile
config.status:914: creating io/Makefile
config.status:914: creating f77/Makefile
config.status:914: creating f77/attr/Makefile
config.status:914: creating f77/attr/attraints.h
config.status:914: creating f77/pt2pt/attr1aints.h
config.status:914: creating f77/ext/add1size.h
config.status:914: creating f77/datatype/Makefile
config.status:914: creating f77/datatype/typeaints.h
config.status:914: creating f77/util/Makefile
config.status:914: creating f77/coll/Makefile
config.status:914: creating f77/comm/Makefile
config.status:914: creating f77/topo/Makefile
config.status:914: creating f77/init/Makefile
config.status:914: creating f77/rma/addsize.h
config.status:914: creating f77/pt2pt/Makefile
config.status:914: creating f77/info/Makefile
config.status:914: creating f77/spawn/Makefile
config.status:914: creating f77/spawn/type1aint.h
config.status:914: creating f77/rma/Makefile
config.status:914: creating f77/ext/Makefile
config.status:914: creating f77/ext/testlist
config.status:914: creating f77/io/Makefile
config.status:914: creating f77/io/iooffset.h
config.status:914: creating f77/io/iodisp.h
config.status:914: creating f77/io/ioaint.h
config.status:914: creating f90/Makefile
config.status:914: creating f90/attr/Makefile
config.status:914: creating f90/datatype/Makefile
config.status:914: creating f90/f90types/Makefile
config.status:914: creating f90/util/Makefile
config.status:914: creating f90/coll/Makefile
config.status:914: creating f90/comm/Makefile
config.status:914: creating f90/topo/Makefile
config.status:914: creating f90/init/Makefile
config.status:914: creating f90/pt2pt/Makefile
config.status:914: creating f90/rma/Makefile
config.status:914: creating f90/info/Makefile
config.status:914: creating f90/spawn/Makefile
config.status:914: creating f90/timer/Makefile
config.status:914: creating f90/ext/Makefile
config.status:914: creating f90/ext/testlist
config.status:914: creating f90/io/Makefile
config.status:914: creating f90/misc/Makefile
config.status:914: creating cxx/Makefile
config.status:914: creating cxx/util/Makefile
config.status:914: creating cxx/attr/Makefile
config.status:914: creating cxx/pt2pt/Makefile
config.status:914: creating cxx/comm/Makefile
config.status:914: creating cxx/coll/Makefile
config.status:914: creating cxx/errhan/Makefile
config.status:914: creating cxx/info/Makefile
config.status:914: creating cxx/datatype/Makefile
config.status:914: creating cxx/io/Makefile
config.status:914: creating cxx/init/Makefile
config.status:914: creating cxx/rma/Makefile
config.status:914: creating cxx/spawn/Makefile
config.status:914: creating threads/Makefile
config.status:914: creating threads/pt2pt/Makefile
config.status:914: creating threads/util/Makefile
config.status:914: creating threads/comm/Makefile
config.status:914: creating threads/init/Makefile
config.status:914: creating threads/spawn/Makefile
config.status:914: creating errors/Makefile
config.status:914: creating errors/attr/Makefile
config.status:914: creating errors/basic/Makefile
config.status:914: creating errors/coll/Makefile
config.status:914: creating errors/comm/Makefile
config.status:914: creating errors/faults/Makefile
config.status:914: creating errors/group/Makefile
config.status:914: creating errors/pt2pt/Makefile
config.status:914: creating errors/rma/Makefile
config.status:914: creating errors/spawn/Makefile
config.status:914: creating errors/topo/Makefile
config.status:914: creating errors/io/Makefile
config.status:914: creating errors/cxx/Makefile
config.status:914: creating errors/cxx/errhan/Makefile
config.status:914: creating errors/cxx/io/Makefile
config.status:914: creating errors/f77/Makefile
config.status:914: creating errors/f90/Makefile
config.status:914: creating manual/Makefile
config.status:914: creating manual/manyconnect
config.status:914: creating perf/Makefile
config.status:914: creating testlist
config.status:914: creating cxx/testlist
config.status:914: creating f77/testlist
config.status:914: creating f90/testlist
config.status:914: creating threads/testlist
config.status:914: creating errors/testlist
config.status:914: creating errors/cxx/testlist
config.status:914: creating include/mpitestconf.h
config.status:1143: executing default-1 commands
config.status:1143: executing default-2 commands
config.status:1143: executing default-3 commands

## ---------------- ##
## Cache variables. ##
## ---------------- ##

ac_cv_c_compiler_gnu=yes
ac_cv_c_const=yes
ac_cv_c_int16_t=yes
ac_cv_c_int32_t=yes
ac_cv_c_int64_t=yes
ac_cv_c_int8_t=yes
ac_cv_c_restrict=__restrict
ac_cv_c_uint16_t=yes
ac_cv_c_uint32_t=yes
ac_cv_c_uint64_t=yes
ac_cv_c_uint8_t=yes
ac_cv_cxx_compiler_gnu=yes
ac_cv_cxx_namespace_std=yes
ac_cv_cxx_namespaces=yes
ac_cv_env_CCC_set=
ac_cv_env_CCC_value=
ac_cv_env_CC_set=set
ac_cv_env_CC_value=gcc
ac_cv_env_CFLAGS_set=set
ac_cv_env_CFLAGS_value='   -O2'
ac_cv_env_CPPFLAGS_set=set
ac_cv_env_CPPFLAGS_value=' -I/home/ariana/workspace/enisi/hpylori_compartments/deps/src/project_repast/INSTALLATION/mpich2-1.4.1p1/src/mpl/include -I/home/ariana/workspace/enisi/hpylori_compartments/deps/src/project_repast/INSTALLATION/mpich2-1.4.1p1/src/mpl/include -I/home/ariana/workspace/enisi/hpylori_compartments/deps/src/project_repast/INSTALLATION/mpich2-1.4.1p1/src/openpa/src -I/home/ariana/workspace/enisi/hpylori_compartments/deps/src/project_repast/INSTALLATION/mpich2-1.4.1p1/src/openpa/src -I/home/ariana/workspace/enisi/hpylori_compartments/deps/src/project_repast/INSTALLATION/mpich2-1.4.1p1/src/mpid/ch3/include -I/home/ariana/workspace/enisi/hpylori_compartments/deps/src/project_repast/INSTALLATION/mpich2-1.4.1p1/src/mpid/ch3/include -I/home/ariana/workspace/enisi/hpylori_compartments/deps/src/project_repast/INSTALLATION/mpich2-1.4.1p1/src/mpid/common/datatype -I/home/ariana/workspace/enisi/hpylori_compartments/deps/src/project_repast/INSTALLATION/mpich2-1.4.1p1/src/mpid/common/datatype -I/home/ariana/workspace/enisi/hpylori_compartments/deps/src/project_repast/INSTALLATION/mpich2-1.4.1p1/src/mpid/common/locks -I/home/ariana/workspace/enisi/hpylori_compartments/deps/src/project_repast/INSTALLATION/mpich2-1.4.1p1/src/mpid/common/locks -I/home/ariana/workspace/enisi/hpylori_compartments/deps/src/project_repast/INSTALLATION/mpich2-1.4.1p1/src/mpid/ch3/channels/nemesis/include -I/home/ariana/workspace/enisi/hpylori_compartments/deps/src/project_repast/INSTALLATION/mpich2-1.4.1p1/src/mpid/ch3/channels/nemesis/include -I/home/ariana/workspace/enisi/hpylori_compartments/deps/src/project_repast/INSTALLATION/mpich2-1.4.1p1/src/mpid/ch3/channels/nemesis/nemesis/include -I/home/ariana/workspace/enisi/hpylori_compartments/deps/src/project_repast/INSTALLATION/mpich2-1.4.1p1/src/mpid/ch3/channels/nemesis/nemesis/include -I/home/ariana/workspace/enisi/hpylori_compartments/deps/src/project_repast/INSTALLATION/mpich2-1.4.1p1/src/mpid/ch3/channels/nemesis/nemesis/utils/monitor -I/home/ariana/workspace/enisi/hpylori_compartments/deps/src/project_repast/INSTALLATION/mpich2-1.4.1p1/src/mpid/ch3/channels/nemesis/nemesis/utils/monitor -I/home/ariana/workspace/enisi/hpylori_compartments/deps/src/project_repast/INSTALLATION/mpich2-1.4.1p1/src/util/wrappers -I/home/ariana/workspace/enisi/hpylori_compartments/deps/src/project_repast/INSTALLATION/mpich2-1.4.1p1/src/util/wrappers'
ac_cv_env_CPP_set=
ac_cv_env_CPP_value=
ac_cv_env_CXXCPP_set=
ac_cv_env_CXXCPP_value=
ac_cv_env_CXXFLAGS_set=set
ac_cv_env_CXXFLAGS_value='  -O2'
ac_cv_env_CXX_set=set
ac_cv_env_CXX_value=c++
ac_cv_env_F77_set=
ac_cv_env_F77_value=
ac_cv_env_FCFLAGS_set=set
ac_cv_env_FCFLAGS_value=' '
ac_cv_env_FC_set=
ac_cv_env_FC_value=
ac_cv_env_FFLAGS_set=set
ac_cv_env_FFLAGS_value=' '
ac_cv_env_LDFLAGS_set=set
ac_cv_env_LDFLAGS_value=' '
ac_cv_env_LIBS_set=set
ac_cv_env_LIBS_value='-lrt -lpthread  '
ac_cv_env_build_alias_set=
ac_cv_env_build_alias_value=
ac_cv_env_host_alias_set=
ac_cv_env_host_alias_value=
ac_cv_env_target_alias_set=
ac_cv_env_target_alias_value=
ac_cv_func_pthread_barrier_init=yes
ac_cv_func_pthread_barrier_wait=yes
ac_cv_func_pthread_create=yes
ac_cv_func_pthread_yield=yes
ac_cv_header_inttypes_h=yes
ac_cv_header_memory_h=yes
ac_cv_header_pthread_h=yes
ac_cv_header_stdarg_h=yes
ac_cv_header_stdc=yes
ac_cv_header_stdint_h=yes
ac_cv_header_stdlib_h=yes
ac_cv_header_string_h=yes
ac_cv_header_strings_h=yes
ac_cv_header_sys_stat_h=yes
ac_cv_header_sys_time_h=yes
ac_cv_header_sys_types_h=yes
ac_cv_header_unistd_h=yes
ac_cv_objext=o
ac_cv_path_EGREP='/bin/grep -E'
ac_cv_path_FGREP='/bin/grep -F'
ac_cv_path_GREP=/bin/grep
ac_cv_path_PERL=/usr/bin/perl
ac_cv_prog_CPP='/home/ariana/workspace/enisi/hpylori_compartments/deps/src/project_repast/INSTALLATION/mpich2-1.4.1p1/bin/mpicc -E'
ac_cv_prog_MAKE=make
ac_cv_prog_cc_c89=
ac_cv_prog_cc_g=yes
ac_cv_prog_cxx_g=yes
ac_cv_search_pthread_barrier_init='none required'
ac_cv_search_pthread_create=-lpthread
ac_cv_sizeof_int=4
ac_cv_sizeof_long=8
ac_cv_sizeof_long_long=8
ac_cv_sizeof_short=2
ac_cv_sizeof_void_p=8
ac_cv_type__Bool=yes
ac_cv_type_double__Complex=yes
ac_cv_type_float__Complex=yes
ac_cv_type_long_double__Complex=yes
pac_cv_cxx_has_iostream=yes
pac_cv_have_haddr_list=yes
pac_cv_have_long_double=yes
pac_cv_have_long_long=yes
pac_cv_have_mpi_2complex=no
pac_cv_have_mpi_2double_complex=no
pac_cv_have_mpi_integer16=yes
pac_cv_have_mpio_request=no
pac_cv_mpi_major_version=2
pac_cv_mpi_minor_version=2
pac_cv_my_conf_dir=/home/ariana/workspace/enisi/hpylori_compartments/deps/src/project_repast/INSTALLATION/mpich2-1.4.1p1/test/mpi
pac_cv_prog_make_allows_comments=no
pac_cv_prog_make_found_clock_skew=no
pac_cv_prog_make_include=no
pac_cv_prog_make_set_cflags=yes
pac_cv_prog_make_vpath=VPATH

## ----------------- ##
## Output variables. ##
## ----------------- ##

ALLOCMEMF=''
ALLOCMEMFC=''
CC='/home/ariana/workspace/enisi/hpylori_compartments/deps/src/project_repast/ext//MPICH/bin/mpicc'
CFLAGS=' '
CPP='/home/ariana/workspace/enisi/hpylori_compartments/deps/src/project_repast/INSTALLATION/mpich2-1.4.1p1/bin/mpicc -E'
CPPFLAGS=''
CXX='/home/ariana/workspace/enisi/hpylori_compartments/deps/src/project_repast/ext//MPICH/bin/mpicxx'
CXXCPP=''
CXXFLAGS=''
DEFS='-DHAVE_CONFIG_H'
ECHO_C=''
ECHO_N='-n'
ECHO_T=''
EGREP='/bin/grep -E'
EXEEXT=''
F77='/home/ariana/workspace/enisi/hpylori_compartments/deps/src/project_repast/ext//MPICH/bin/mpif77'
F77_GETARG_LIBS=''
F77_MPI_ADDRESS='integer'
F77_MPI_OFFSET='integer*8'
F77_NAME_MANGLE=''
FC='/home/ariana/workspace/enisi/hpylori_compartments/deps/src/project_repast/ext//MPICH/bin/mpif90'
FCFLAGS=''
FCFLAGS_f90=''
FC_GETARG_LIBS=''
FFLAGS=''
FGREP='/bin/grep -F'
FLIBS=''
GREP='/bin/grep'
LDFLAGS=' '
LIBOBJS=''
LIBS='-lpthread '
LTLIBOBJS=''
MAKE='make'
MPIEXEC='/home/ariana/workspace/enisi/hpylori_compartments/deps/src/project_repast/ext//MPICH/bin/mpiexec'
MPILIBLOC=''
MPILIBNAME='mpich'
MPI_SOURCE=''
MPI_SUBVERSION='2'
MPI_VERSION='2'
OBJEXT='o'
PACKAGE_BUGREPORT=''
PACKAGE_NAME=''
PACKAGE_STRING=''
PACKAGE_TARNAME=''
PACKAGE_VERSION=''
PATH_SEPARATOR=':'
PERL='/usr/bin/perl'
SET_CFLAGS='CFLAGS='
SET_MAKE='MAKE=make'
SHELL='/bin/bash'
VERSION='1.1'
VPATH='VPATH=.:${srcdir}'
ac_ct_CC=''
ac_ct_CXX=''
ac_ct_F77=''
ac_ct_FC=''
bindir='${exec_prefix}/bin'
build_alias=''
cxxdir='cxx'
datadir='${datarootdir}'
datarootdir='${prefix}/share'
docdir='${datarootdir}/doc/${PACKAGE}'
dvidir='${docdir}'
errordir='errors'
exec_prefix='${prefix}'
f77dir='#'
f90dir='#'
faultsdir='#'
host_alias=''
htmldir='${docdir}'
includedir='${prefix}/include'
infodir='${datarootdir}/info'
iodir='io'
libdir='${exec_prefix}/lib'
libexecdir='${exec_prefix}/libexec'
localedir='${datarootdir}/locale'
localstatedir='${prefix}/var'
mandir='${datarootdir}/man'
master_top_builddir='/home/ariana/workspace/enisi/hpylori_compartments/deps/src/project_repast/INSTALLATION/mpich2-1.4.1p1'
master_top_srcdir='/home/ariana/workspace/enisi/hpylori_compartments/deps/src/project_repast/INSTALLATION/mpich2-1.4.1p1'
mpich2_top_srcdir='/home/ariana/workspace/enisi/hpylori_compartments/deps/src/project_repast/INSTALLATION/mpich2-1.4.1p1'
oldincludedir='/usr/include'
otherlangs=' cxx'
pdfdir='${docdir}'
prefix='/home/ariana/workspace/enisi/hpylori_compartments/deps/src/project_repast/ext//MPICH'
program_transform_name='s,x,x,'
psdir='${docdir}'
rmadir='rma'
sbindir='${exec_prefix}/sbin'
sharedstatedir='${prefix}/com'
spawndir='spawn'
sysconfdir='${prefix}/etc'
target_alias=''
threadsdir='threads'

## ----------- ##
## confdefs.h. ##
## ----------- ##

#define PACKAGE_NAME ""
#define PACKAGE_TARNAME ""
#define PACKAGE_VERSION ""
#define PACKAGE_STRING ""
#define PACKAGE_BUGREPORT ""
#define HAVE_MPI_WIN_CREATE 1
#define HAVE_LONG_DOUBLE 1
#define HAVE_LONG_LONG 1
#define restrict __restrict
#define STDC_HEADERS 1
#define HAVE_SYS_TYPES_H 1
#define HAVE_SYS_STAT_H 1
#define HAVE_STDLIB_H 1
#define HAVE_STRING_H 1
#define HAVE_MEMORY_H 1
#define HAVE_STRINGS_H 1
#define HAVE_INTTYPES_H 1
#define HAVE_STDINT_H 1
#define HAVE_UNISTD_H 1
#define HAVE_STDARG_H 1
#define HAVE_SYS_TIME_H 1
#define HAVE__BOOL 1
#define HAVE_FLOAT__COMPLEX 1
#define HAVE_DOUBLE__COMPLEX 1
#define HAVE_LONG_DOUBLE__COMPLEX 1
#define HAVE_PTHREAD_H 1
#define HAVE_PTHREAD_CREATE 1
#define HAVE_PTHREAD_YIELD 1
#define HAVE_PTHREAD_BARRIER_INIT 1
#define HAVE_PTHREAD_BARRIER_WAIT 1
#define HAVE_H_ADDR_LIST 1
#define HAVE_IOSTREAM 1
#define HAVE_NAMESPACES /**/
#define HAVE_NAMESPACE_STD /**/
#define HAVE_MPI_IO 1
#define MPIO_USES_MPI_REQUEST /**/
#define HAVE_MPI_INTEGER16 1
#define SIZEOF_VOID_P 8
#define SIZEOF_INT 4
#define SIZEOF_LONG 8
#define SIZEOF_LONG_LONG 8
#define SIZEOF_SHORT 2
#define POINTERINT_t long

configure: exit 0
